Change Component Designator: OldDesignator=C? NewDesignator=C1
Change Component Designator: OldDesignator=C? NewDesignator=C2
Change Component Designator: OldDesignator=CON? NewDesignator=CON1
Change Component Designator: OldDesignator=CON? NewDesignator=CON2
Change Component Designator: OldDesignator=CON? NewDesignator=CON3
Change Component Designator: OldDesignator=CON? NewDesignator=CON4
Change Component Designator: OldDesignator=H? NewDesignator=H1
Change Component Designator: OldDesignator=H? NewDesignator=H2
Change Component Designator: OldDesignator=U? NewDesignator=U1
Change Component Designator: OldDesignator=U? NewDesignator=U2
Added Pin To Net: NetName=+5 Pin=C2-1
Added Pin To Net: NetName=+5 Pin=CON1-2
Added Pin To Net: NetName=+5 Pin=CON4-2
Added Pin To Net: NetName=+5 Pin=H1-2
Added Pin To Net: NetName=+5 Pin=H2-1
Added Pin To Net: NetName=+5 Pin=U1-20
Added Pin To Net: NetName=+5 Pin=U2-3
Added Net: Name=+5
Added Pin To Net: NetName=+12 Pin=C1-1
Added Pin To Net: NetName=+12 Pin=CON2-1
Added Pin To Net: NetName=+12 Pin=CON3-8
Added Pin To Net: NetName=+12 Pin=U2-1
Added Net: Name=+12
Added Pin To Net: NetName=GND Pin=C1-2
Added Pin To Net: NetName=GND Pin=C2-2
Added Pin To Net: NetName=GND Pin=CON1-1
Added Pin To Net: NetName=GND Pin=CON2-2
Added Pin To Net: NetName=GND Pin=CON2-3
Added Pin To Net: NetName=GND Pin=CON3-1
Added Pin To Net: NetName=GND Pin=CON3-3
Added Pin To Net: NetName=GND Pin=CON3-5
Added Pin To Net: NetName=GND Pin=CON3-7
Added Pin To Net: NetName=GND Pin=CON4-1
Added Pin To Net: NetName=GND Pin=H1-3
Added Pin To Net: NetName=GND Pin=H2-4
Added Pin To Net: NetName=GND Pin=U1-22
Added Pin To Net: NetName=GND Pin=U2-2
Added Net: Name=GND
Added Pin To Net: NetName=NetCON1_3 Pin=CON1-3
Added Pin To Net: NetName=NetCON1_3 Pin=U1-41
Added Net: Name=NetCON1_3
Added Pin To Net: NetName=NetCON1_4 Pin=CON1-4
Added Pin To Net: NetName=NetCON1_4 Pin=U1-2
Added Net: Name=NetCON1_4
Added Pin To Net: NetName=NetCON1_5 Pin=CON1-5
Added Pin To Net: NetName=NetCON1_5 Pin=U1-3
Added Net: Name=NetCON1_5
Added Pin To Net: NetName=NetCON3_2 Pin=CON3-2
Added Pin To Net: NetName=NetCON3_2 Pin=U1-14
Added Net: Name=NetCON3_2
Added Pin To Net: NetName=NetCON3_4 Pin=CON3-4
Added Pin To Net: NetName=NetCON3_4 Pin=U1-15
Added Net: Name=NetCON3_4
Added Pin To Net: NetName=NetCON3_6 Pin=CON3-6
Added Pin To Net: NetName=NetCON3_6 Pin=U1-16
Added Net: Name=NetCON3_6
Added Pin To Net: NetName=NetCON4_3 Pin=CON4-3
Added Pin To Net: NetName=NetCON4_3 Pin=U1-6
Added Net: Name=NetCON4_3
Added Pin To Net: NetName=NetCON4_4 Pin=CON4-4
Added Pin To Net: NetName=NetCON4_4 Pin=U1-7
Added Net: Name=NetCON4_4
Added Pin To Net: NetName=NetCON4_5 Pin=CON4-5
Added Pin To Net: NetName=NetCON4_5 Pin=U1-8
Added Net: Name=NetCON4_5
Added Pin To Net: NetName=NetH1_1 Pin=H1-1
Added Pin To Net: NetName=NetH1_1 Pin=U1-25
Added Net: Name=NetH1_1
Added Pin To Net: NetName=NetH2_2 Pin=H2-2
Added Pin To Net: NetName=NetH2_2 Pin=U1-29
Added Net: Name=NetH2_2
Added Pin To Net: NetName=NetH2_3 Pin=H2-3
Added Pin To Net: NetName=NetH2_3 Pin=U1-28
Added Net: Name=NetH2_3
Added Class: Name=Sheet1
Added Room: Name=Sheet1
