Added Component: Designator=C?(RB7.6-15)
Add component. Clean all parameters for all variants
Add component (AddParameter): Name = "LatestRevisionDate"; Value = "17-Jul-2002"; VariantName = "[No Variations]"
Add component (AddParameter): Name = "LatestRevisionNote"; Value = "Re-released for DXP Platform."; VariantName = "[No Variations]"
Add component (AddParameter): Name = "PackageDescription"; Value = "Polarized Capacitor (Radial); 2 Leads"; VariantName = "[No Variations]"
Add component (AddParameter): Name = "PackageReference"; Value = "RB7.6-15"; VariantName = "[No Variations]"
Add component (AddParameter): Name = "Published"; Value = "8-Jun-2000"; VariantName = "[No Variations]"
Add component (AddParameter): Name = "Publisher"; Value = "Altium Limited"; VariantName = "[No Variations]"
Add component (AddParameter): Name = "Value"; Value = "100pF"; VariantName = "[No Variations]"
Added Component: Designator=C?(RB7.6-15)
Add component. Clean all parameters for all variants
Add component (AddParameter): Name = "LatestRevisionDate"; Value = "17-Jul-2002"; VariantName = "[No Variations]"
Add component (AddParameter): Name = "LatestRevisionNote"; Value = "Re-released for DXP Platform."; VariantName = "[No Variations]"
Add component (AddParameter): Name = "PackageDescription"; Value = "Polarized Capacitor (Radial); 2 Leads"; VariantName = "[No Variations]"
Add component (AddParameter): Name = "PackageReference"; Value = "RB7.6-15"; VariantName = "[No Variations]"
Add component (AddParameter): Name = "Published"; Value = "8-Jun-2000"; VariantName = "[No Variations]"
Add component (AddParameter): Name = "Publisher"; Value = "Altium Limited"; VariantName = "[No Variations]"
Add component (AddParameter): Name = "Value"; Value = "100pF"; VariantName = "[No Variations]"
Added Component: Designator=U?(PCBComponent_1)
Add component. Clean all parameters for all variants
Added Pin To Net: NetName=+5 Pin=C?-1
Added Pin To Net: NetName=+5 Pin=U?-20
Added Net: Name=+5
Added Pin To Net: NetName=+12 Pin=C?-1
Added Net: Name=+12
Added Pin To Net: NetName=GND Pin=C?-2
Added Pin To Net: NetName=GND Pin=C?-2
Added Pin To Net: NetName=GND Pin=U?-22
Added Net: Name=GND
Added Pin To Net: NetName=NetCON?_2 Pin=U?-14
Added Net: Name=NetCON?_2
Added Pin To Net: NetName=NetCON?_3 Pin=U?-41
Added Net: Name=NetCON?_3
Added Pin To Net: NetName=NetCON?_4 Pin=U?-2
Added Net: Name=NetCON?_4
Added Pin To Net: NetName=NetCON?_5 Pin=U?-3
Added Net: Name=NetCON?_5
Added Pin To Net: NetName=NetCON?_6 Pin=U?-16
Added Net: Name=NetCON?_6
Added Pin To Net: NetName=NetH?_1 Pin=U?-25
Added Net: Name=NetH?_1
Added Pin To Net: NetName=NetH?_2 Pin=U?-29
Added Net: Name=NetH?_2
Added Pin To Net: NetName=NetH?_3 Pin=U?-28
Added Net: Name=NetH?_3
Added Class: Name=Sheet1
Added Room: Name=Sheet1
